0 info it worked if it ends with ok
1 verbose cli [ '/usr/local/bin/node',
1 verbose cli   '/usr/local/bin/npm',
1 verbose cli   'run',
1 verbose cli   'test',
1 verbose cli   '--no-cache',
1 verbose cli   '--config',
1 verbose cli   '/config/jest.conf.js',
1 verbose cli   '--coverage' ]
2 info using npm@5.6.0
3 info using node@v8.9.3
4 verbose run-script [ 'pretest', 'test', 'posttest' ]
5 info lifecycle reviews-component@1.0.0~pretest: reviews-component@1.0.0
6 info lifecycle reviews-component@1.0.0~test: reviews-component@1.0.0
7 verbose lifecycle reviews-component@1.0.0~test: unsafe-perm in lifecycle true
8 verbose lifecycle reviews-component@1.0.0~test: PATH: /usr/local/lib/node_modules/npm/node_modules/npm-lifecycle/node-gyp-bin:/Users/michaelngo/Desktop/reviews-component/node_modules/.bin:/usr/local/bin:/usr/bin:/bin:/usr/sbin:/sbin
9 verbose lifecycle reviews-component@1.0.0~test: CWD: /Users/michaelngo/Desktop/reviews-component
10 silly lifecycle reviews-component@1.0.0~test: Args: [ '-c', 'jest "/config/jest.conf.js"' ]
11 silly lifecycle reviews-component@1.0.0~test: Returned: code: 1  signal: null
12 info lifecycle reviews-component@1.0.0~test: Failed to exec test script
13 verbose stack Error: reviews-component@1.0.0 test: `jest "/config/jest.conf.js"`
13 verbose stack Exit status 1
13 verbose stack     at EventEmitter.<anonymous> (/usr/local/lib/node_modules/npm/node_modules/npm-lifecycle/index.js:285:16)
13 verbose stack     at emitTwo (events.js:126:13)
13 verbose stack     at EventEmitter.emit (events.js:214:7)
13 verbose stack     at ChildProcess.<anonymous> (/usr/local/lib/node_modules/npm/node_modules/npm-lifecycle/lib/spawn.js:55:14)
13 verbose stack     at emitTwo (events.js:126:13)
13 verbose stack     at ChildProcess.emit (events.js:214:7)
13 verbose stack     at maybeClose (internal/child_process.js:925:16)
13 verbose stack     at Process.ChildProcess._handle.onexit (internal/child_process.js:209:5)
14 verbose pkgid reviews-component@1.0.0
15 verbose cwd /Users/michaelngo/Desktop/reviews-component
16 verbose Darwin 17.4.0
17 verbose argv "/usr/local/bin/node" "/usr/local/bin/npm" "run" "test" "--no-cache" "--config" "/config/jest.conf.js" "--coverage"
18 verbose node v8.9.3
19 verbose npm  v5.6.0
20 error code ELIFECYCLE
21 error errno 1
22 error reviews-component@1.0.0 test: `jest "/config/jest.conf.js"`
22 error Exit status 1
23 error Failed at the reviews-component@1.0.0 test script.
23 error This is probably not a problem with npm. There is likely additional logging output above.
24 verbose exit [ 1, true ]
